<?xml version="1.0" encoding="UTF-8"?>
<robot generator="Robot 7.1 (Python 3.12.6 on win32)" generated="2024-10-28T16:55:30.876822" rpa="false" schemaversion="5">
<suite id="s1" name="Manageadd" source="C:\Users\pongp\.vscode\admin_Bestpick\manageadd.robot">
<test id="s1-t1" name="Add New Ad Should Succeed" line="18">
<kw name="Open Browser" owner="SeleniumLibrary">
<msg time="2024-10-28T16:55:31.042530" level="INFO">Opening browser 'Chrome' to base url 'https://www.bestpickbp.com/login'.</msg>
<arg>${LOGIN_URL}</arg>
<arg>Chrome</arg>
<doc>Opens a new browser instance to the optional ``url``.</doc>
<status status="PASS" start="2024-10-28T16:55:31.042530" elapsed="1.625752"/>
</kw>
<kw name="Maximize Browser Window" owner="SeleniumLibrary">
<doc>Maximizes current browser window.</doc>
<status status="PASS" start="2024-10-28T16:55:32.668282" elapsed="0.027601"/>
</kw>
<kw name="Input Text" owner="SeleniumLibrary">
<msg time="2024-10-28T16:55:32.696879" level="INFO">Typing text 'earthsrichok31@gmail.com' into text field 'xpath=//input[@type="text"]'.</msg>
<arg>xpath=//input[@type="text"]</arg>
<arg>${VALID_EMAIL}</arg>
<doc>Types the given ``text`` into the text field identified by ``locator``.</doc>
<status status="PASS" start="2024-10-28T16:55:32.695883" elapsed="0.143629"/>
</kw>
<kw name="Input Text" owner="SeleniumLibrary">
<msg time="2024-10-28T16:55:32.840494" level="INFO">Typing text '1234' into text field 'xpath=//input[@type="password"]'.</msg>
<arg>xpath=//input[@type="password"]</arg>
<arg>${VALID_PASSWORD}</arg>
<doc>Types the given ``text`` into the text field identified by ``locator``.</doc>
<status status="PASS" start="2024-10-28T16:55:32.840494" elapsed="0.082153"/>
</kw>
<kw name="Click Button" owner="SeleniumLibrary">
<msg time="2024-10-28T16:55:32.922647" level="INFO">Clicking button 'xpath=//button[contains(., 'Login')]'.</msg>
<arg>xpath=//button[contains(., 'Login')]</arg>
<doc>Clicks the button identified by ``locator``.</doc>
<status status="PASS" start="2024-10-28T16:55:32.922647" elapsed="0.062018"/>
</kw>
<kw name="Wait Until Page Contains" owner="SeleniumLibrary">
<arg>Welcome, Admin</arg>
<arg>timeout=10s</arg>
<doc>Waits until ``text`` appears on the current page.</doc>
<status status="PASS" start="2024-10-28T16:55:32.984665" elapsed="0.421683"/>
</kw>
<kw name="Go To" owner="SeleniumLibrary">
<msg time="2024-10-28T16:55:33.407346" level="INFO">Opening url 'https://www.bestpickbp.com/manageadd'</msg>
<arg>${MANAGE_ADD_URL}</arg>
<doc>Navigates the current browser window to the provided ``url``.</doc>
<status status="PASS" start="2024-10-28T16:55:33.407346" elapsed="0.064489"/>
</kw>
<kw name="Wait Until Page Contains" owner="SeleniumLibrary">
<arg>Manage Ads</arg>
<arg>timeout=10s</arg>
<doc>Waits until ``text`` appears on the current page.</doc>
<status status="PASS" start="2024-10-28T16:55:33.472840" elapsed="0.009514"/>
</kw>
<kw name="Click Element" owner="SeleniumLibrary">
<msg time="2024-10-28T16:55:33.482354" level="INFO">Clicking element 'xpath=//a[@href="/add"]'.</msg>
<arg>xpath=//a[@href="/add"]</arg>
<doc>Click the element identified by ``locator``.</doc>
<status status="PASS" start="2024-10-28T16:55:33.482354" elapsed="0.085246"/>
</kw>
<kw name="Wait Until Page Contains" owner="SeleniumLibrary">
<arg>Add Ad</arg>
<arg>timeout=10s</arg>
<doc>Waits until ``text`` appears on the current page.</doc>
<status status="PASS" start="2024-10-28T16:55:33.568606" elapsed="0.009000"/>
</kw>
<kw name="Input Text" owner="SeleniumLibrary">
<msg time="2024-10-28T16:55:33.577606" level="INFO">Typing text 'Kingston SSD' into text field 'xpath=//input[@name="title"]'.</msg>
<arg>xpath=//input[@name="title"]</arg>
<arg>${TITLE}</arg>
<doc>Types the given ``text`` into the text field identified by ``locator``.</doc>
<status status="PASS" start="2024-10-28T16:55:33.577606" elapsed="0.093150"/>
</kw>
<kw name="Input Text" owner="SeleniumLibrary">
<msg time="2024-10-28T16:55:33.671756" level="INFO">Typing text 'SSD M.2 PCIe 250GB (3Y) Kingston NV1 (SNVS/250G)' into text field 'xpath=//input[@name="content"]'.</msg>
<arg>xpath=//input[@name="content"]</arg>
<arg>${CONTENT}</arg>
<doc>Types the given ``text`` into the text field identified by ``locator``.</doc>
<status status="PASS" start="2024-10-28T16:55:33.671756" elapsed="0.184634"/>
</kw>
<kw name="Input Text" owner="SeleniumLibrary">
<msg time="2024-10-28T16:55:33.857392" level="INFO">Typing text 'https://www.advice.co.th' into text field 'xpath=//input[@name="link"]'.</msg>
<arg>xpath=//input[@name="link"]</arg>
<arg>${LINK}</arg>
<doc>Types the given ``text`` into the text field identified by ``locator``.</doc>
<status status="PASS" start="2024-10-28T16:55:33.857392" elapsed="0.113648"/>
</kw>
<kw name="Wait Until Element Is Visible" owner="SeleniumLibrary">
<arg>xpath=//input[@type="file"]</arg>
<arg>timeout=10s</arg>
<doc>Waits until the element ``locator`` is visible.</doc>
<status status="PASS" start="2024-10-28T16:55:33.972053" elapsed="0.013985"/>
</kw>
<kw name="Choose File" owner="SeleniumLibrary">
<msg time="2024-10-28T16:55:33.987039" level="INFO">Sending C:\Users\pongp\Pictures\Saved Pictures\A0140568OK_BIG_1.jpg to browser.</msg>
<arg>xpath=//input[@type="file"]</arg>
<arg>${IMAGE_PATH}</arg>
<doc>Inputs the ``file_path`` into the file input field ``locator``.</doc>
<status status="PASS" start="2024-10-28T16:55:33.987039" elapsed="0.019995"/>
</kw>
<kw name="Input Text" owner="SeleniumLibrary">
<msg time="2024-10-28T16:55:34.007034" level="INFO">Typing text '2024-10-27T14:00' into text field 'xpath=//input[@name="created_at"]'.</msg>
<arg>xpath=//input[@name="created_at"]</arg>
<arg>${CREATED_AT}</arg>
<doc>Types the given ``text`` into the text field identified by ``locator``.</doc>
<status status="PASS" start="2024-10-28T16:55:34.007034" elapsed="0.059365"/>
</kw>
<kw name="Input Text" owner="SeleniumLibrary">
<msg time="2024-10-28T16:55:34.067393" level="INFO">Typing text '2024-10-27T14:10' into text field 'xpath=//input[@name="updated_at"]'.</msg>
<arg>xpath=//input[@name="updated_at"]</arg>
<arg>${UPDATED_AT}</arg>
<doc>Types the given ``text`` into the text field identified by ``locator``.</doc>
<status status="PASS" start="2024-10-28T16:55:34.067393" elapsed="0.057999"/>
</kw>
<kw name="Input Text" owner="SeleniumLibrary">
<msg time="2024-10-28T16:55:34.126401" level="INFO">Typing text '11/30/2024' into text field 'xpath=//input[@name="expiration_date"]'.</msg>
<arg>xpath=//input[@name="expiration_date"]</arg>
<arg>${EXPIRATION_DATE}</arg>
<doc>Types the given ``text`` into the text field identified by ``locator``.</doc>
<status status="PASS" start="2024-10-28T16:55:34.126401" elapsed="0.060995"/>
</kw>
<kw name="Wait Until Element Is Visible" owner="SeleniumLibrary">
<arg>xpath=//*[@id="root"]/div/form/button</arg>
<arg>timeout=10s</arg>
<doc>Waits until the element ``locator`` is visible.</doc>
<status status="PASS" start="2024-10-28T16:55:34.187396" elapsed="0.013936"/>
</kw>
<kw name="Click Button" owner="SeleniumLibrary">
<msg time="2024-10-28T16:55:34.201332" level="INFO">Clicking button 'xpath=//*[@id="root"]/div/form/button'.</msg>
<arg>xpath=//*[@id="root"]/div/form/button</arg>
<doc>Clicks the button identified by ``locator``.</doc>
<status status="PASS" start="2024-10-28T16:55:34.201332" elapsed="0.042018"/>
</kw>
<kw name="Sleep" owner="BuiltIn">
<msg time="2024-10-28T16:55:36.243572" level="INFO">Slept 2 seconds.</msg>
<arg>2s</arg>
<doc>Pauses the test executed for the given time.</doc>
<status status="PASS" start="2024-10-28T16:55:34.243350" elapsed="2.000222"/>
</kw>
<kw name="Wait Until Page Contains" owner="SeleniumLibrary">
<arg>${TITLE}</arg>
<arg>timeout=15s</arg>
<doc>Waits until ``text`` appears on the current page.</doc>
<status status="PASS" start="2024-10-28T16:55:36.244074" elapsed="0.008506"/>
</kw>
<kw name="Close Browser" owner="SeleniumLibrary" type="TEARDOWN">
<doc>Closes the current browser.</doc>
<status status="PASS" start="2024-10-28T16:55:36.252580" elapsed="3.656772"/>
</kw>
<doc>ทดสอบการล็อกอินและเพิ่มโฆษณาใหม่</doc>
<status status="PASS" start="2024-10-28T16:55:31.040508" elapsed="8.869889"/>
</test>
<status status="PASS" start="2024-10-28T16:55:30.878125" elapsed="9.035269"/>
</suite>
<statistics>
<total>
<stat pass="1" fail="0" skip="0">All Tests</stat>
</total>
<tag>
</tag>
<suite>
<stat pass="1" fail="0" skip="0" id="s1" name="Manageadd">Manageadd</stat>
</suite>
</statistics>
<errors>
</errors>
</robot>
