<?xml version="1.0" encoding="UTF-8"?>
<robot generator="Robot 7.1 (Python 3.12.4 on win32)" generated="2024-10-29T09:29:34.179707" rpa="false" schemaversion="5">
<suite id="s1" name="Manageuser" source="C:\Users\earth\admin_Bestpick\manageuser.robot">
<test id="s1-t1" name="Login, Edit User Status to Deactive, and Then Back to Active" line="15">
<kw name="Open Browser" owner="SeleniumLibrary">
<msg time="2024-10-29T09:29:34.377437" level="INFO">Opening browser 'Chrome' to base url 'https://www.bestpickbp.com/login'.</msg>
<arg>${LOGIN_URL}</arg>
<arg>Chrome</arg>
<doc>Opens a new browser instance to the optional ``url``.</doc>
<status status="PASS" start="2024-10-29T09:29:34.377437" elapsed="1.828944"/>
</kw>
<kw name="Maximize Browser Window" owner="SeleniumLibrary">
<doc>Maximizes current browser window.</doc>
<status status="PASS" start="2024-10-29T09:29:36.207377" elapsed="0.029678"/>
</kw>
<kw name="Login As Admin">
<kw name="Go To" owner="SeleniumLibrary">
<msg time="2024-10-29T09:29:36.240904" level="INFO">Opening url 'https://www.bestpickbp.com/login'</msg>
<arg>${LOGIN_URL}</arg>
<doc>Navigates the current browser window to the provided ``url``.</doc>
<status status="PASS" start="2024-10-29T09:29:36.240395" elapsed="0.054474"/>
</kw>
<kw name="Wait Until Page Contains" owner="SeleniumLibrary">
<arg>Admin Login</arg>
<arg>timeout=10s</arg>
<doc>Waits until ``text`` appears on the current page.</doc>
<status status="PASS" start="2024-10-29T09:29:36.294869" elapsed="0.015659"/>
</kw>
<kw name="Input Text" owner="SeleniumLibrary">
<msg time="2024-10-29T09:29:36.311591" level="INFO">Typing text 'earthsrichok31@gmail.com' into text field 'xpath=//input[@aria-invalid="false" and @type="text"]'.</msg>
<arg>xpath=//input[@aria-invalid="false" and @type="text"]</arg>
<arg>${VALID_EMAIL}</arg>
<doc>Types the given ``text`` into the text field identified by ``locator``.</doc>
<status status="PASS" start="2024-10-29T09:29:36.310528" elapsed="0.215196"/>
</kw>
<kw name="Input Text" owner="SeleniumLibrary">
<msg time="2024-10-29T09:29:36.526735" level="INFO">Typing text '1234' into text field 'xpath=//input[@aria-invalid="false" and @type="password"]'.</msg>
<arg>xpath=//input[@aria-invalid="false" and @type="password"]</arg>
<arg>${VALID_PASSWORD}</arg>
<doc>Types the given ``text`` into the text field identified by ``locator``.</doc>
<status status="PASS" start="2024-10-29T09:29:36.526735" elapsed="0.115309"/>
</kw>
<kw name="Click Button" owner="SeleniumLibrary">
<msg time="2024-10-29T09:29:36.643107" level="INFO">Clicking button 'xpath=//button[contains(., 'Login')]'.</msg>
<arg>xpath=//button[contains(., 'Login')]</arg>
<doc>Clicks the button identified by ``locator``.</doc>
<status status="PASS" start="2024-10-29T09:29:36.643107" elapsed="0.106114"/>
</kw>
<kw name="Wait Until Page Contains" owner="SeleniumLibrary">
<arg>Welcome, Admin</arg>
<arg>timeout=10s</arg>
<doc>Waits until ``text`` appears on the current page.</doc>
<status status="PASS" start="2024-10-29T09:29:36.750695" elapsed="0.857390"/>
</kw>
<doc>ล็อกอินเข้าสู่ระบบด้วย Admin</doc>
<status status="PASS" start="2024-10-29T09:29:36.239222" elapsed="1.368863"/>
</kw>
<kw name="Edit User Status">
<kw name="Go To" owner="SeleniumLibrary">
<msg time="2024-10-29T09:29:37.609101" level="INFO">Opening url 'https://www.bestpickbp.com/manageuser'</msg>
<arg>${MANAGE_USER_URL}</arg>
<doc>Navigates the current browser window to the provided ``url``.</doc>
<status status="PASS" start="2024-10-29T09:29:37.609101" elapsed="0.077075"/>
</kw>
<kw name="Wait Until Page Contains" owner="SeleniumLibrary">
<arg>Manage Users</arg>
<doc>Waits until ``text`` appears on the current page.</doc>
<status status="PASS" start="2024-10-29T09:29:37.686176" elapsed="0.023116"/>
</kw>
<kw name="Wait Until Element Is Visible" owner="SeleniumLibrary">
<arg>xpath=//*[@id="root"]/div/div/table/tbody</arg>
<arg>timeout=15s</arg>
<doc>Waits until the element ``locator`` is visible.</doc>
<status status="PASS" start="2024-10-29T09:29:37.710291" elapsed="0.262531"/>
</kw>
<kw name="Click Element" owner="SeleniumLibrary">
<msg time="2024-10-29T09:29:37.973828" level="INFO">Clicking element 'xpath=//*[@id="root"]/div/div/table/tbody/tr[td[contains(., "870001")]]/td[last()]/button[1]'.</msg>
<arg>xpath=//*[@id="root"]/div/div/table/tbody/tr[td[contains(., "${user_id}")]]/td[last()]/button[1]</arg>
<doc>Click the element identified by ``locator``.</doc>
<status status="PASS" start="2024-10-29T09:29:37.973828" elapsed="0.068936"/>
</kw>
<kw name="Wait Until Page Contains" owner="SeleniumLibrary">
<arg>Edit User</arg>
<doc>Waits until ``text`` appears on the current page.</doc>
<status status="PASS" start="2024-10-29T09:29:38.042764" elapsed="0.017610"/>
</kw>
<kw name="Click Element" owner="SeleniumLibrary">
<msg time="2024-10-29T09:29:38.060880" level="INFO">Clicking element 'xpath=/html/body/div[2]/div[3]/div/div[1]/div/div/div'.</msg>
<arg>xpath=/html/body/div[2]/div[3]/div/div[1]/div/div/div</arg>
<doc>Click the element identified by ``locator``.</doc>
<status status="PASS" start="2024-10-29T09:29:38.060374" elapsed="0.052573"/>
</kw>
<kw name="Run Keyword If" owner="BuiltIn">
<kw name="Set Variable" owner="BuiltIn">
<arg>//li[contains(text(), 'Deactive')]</arg>
<doc>Returns the given values which can then be assigned to a variables.</doc>
<status status="PASS" start="2024-10-29T09:29:38.113944" elapsed="0.000000"/>
</kw>
<msg time="2024-10-29T09:29:38.113944" level="INFO">${status_xpath} = //li[contains(text(), 'Deactive')]</msg>
<var>${status_xpath}</var>
<arg>'${status}' == 'Deactive'</arg>
<arg>Set Variable</arg>
<arg>//li[contains(text(), 'Deactive')]</arg>
<arg>ELSE</arg>
<arg>Set Variable</arg>
<arg>//li[contains(text(), 'Active')]</arg>
<doc>Runs the given keyword with the given arguments, if ``condition`` is true.</doc>
<status status="PASS" start="2024-10-29T09:29:38.112947" elapsed="0.000997"/>
</kw>
<kw name="Click Element" owner="SeleniumLibrary">
<msg time="2024-10-29T09:29:38.113944" level="INFO">Clicking element 'xpath=//li[contains(text(), 'Deactive')]'.</msg>
<arg>xpath=${status_xpath}</arg>
<doc>Click the element identified by ``locator``.</doc>
<status status="PASS" start="2024-10-29T09:29:38.113944" elapsed="0.062179"/>
</kw>
<kw name="Click Button" owner="SeleniumLibrary">
<msg time="2024-10-29T09:29:38.176123" level="INFO">Clicking button 'xpath=/html/body/div[2]/div[3]/div/div[2]/button[2]'.</msg>
<arg>xpath=/html/body/div[2]/div[3]/div/div[2]/button[2]</arg>
<doc>Clicks the button identified by ``locator``.</doc>
<status status="PASS" start="2024-10-29T09:29:38.176123" elapsed="0.277811"/>
</kw>
<kw name="Wait Until Page Contains" owner="SeleniumLibrary">
<arg>${status}</arg>
<doc>Waits until ``text`` appears on the current page.</doc>
<status status="PASS" start="2024-10-29T09:29:38.454927" elapsed="0.018267"/>
</kw>
<arg>${USER_ID}</arg>
<arg>${DEACTIVE_STATUS}</arg>
<doc>เปลี่ยนสถานะของผู้ใช้</doc>
<status status="PASS" start="2024-10-29T09:29:37.609101" elapsed="0.864093"/>
</kw>
<kw name="Logout">
<kw name="Wait Until Element Is Visible" owner="SeleniumLibrary">
<arg>xpath=//*[@id="root"]/header/div/button[2]</arg>
<arg>timeout=10s</arg>
<doc>Waits until the element ``locator`` is visible.</doc>
<status status="PASS" start="2024-10-29T09:29:38.474196" elapsed="0.022246"/>
</kw>
<kw name="Click Element" owner="SeleniumLibrary">
<msg time="2024-10-29T09:29:38.497450" level="INFO">Clicking element 'xpath=//*[@id="root"]/header/div/button[2]'.</msg>
<arg>xpath=//*[@id="root"]/header/div/button[2]</arg>
<doc>Click the element identified by ``locator``.</doc>
<status status="PASS" start="2024-10-29T09:29:38.496442" elapsed="0.319394"/>
</kw>
<doc>ออกจากระบบ</doc>
<status status="PASS" start="2024-10-29T09:29:38.474196" elapsed="0.341640"/>
</kw>
<kw name="Login As Admin">
<kw name="Go To" owner="SeleniumLibrary">
<msg time="2024-10-29T09:29:38.817111" level="INFO">Opening url 'https://www.bestpickbp.com/login'</msg>
<arg>${LOGIN_URL}</arg>
<doc>Navigates the current browser window to the provided ``url``.</doc>
<status status="PASS" start="2024-10-29T09:29:38.817111" elapsed="0.036973"/>
</kw>
<kw name="Wait Until Page Contains" owner="SeleniumLibrary">
<arg>Admin Login</arg>
<arg>timeout=10s</arg>
<doc>Waits until ``text`` appears on the current page.</doc>
<status status="PASS" start="2024-10-29T09:29:38.854084" elapsed="0.012372"/>
</kw>
<kw name="Input Text" owner="SeleniumLibrary">
<msg time="2024-10-29T09:29:38.867444" level="INFO">Typing text 'earthsrichok31@gmail.com' into text field 'xpath=//input[@aria-invalid="false" and @type="text"]'.</msg>
<arg>xpath=//input[@aria-invalid="false" and @type="text"]</arg>
<arg>${VALID_EMAIL}</arg>
<doc>Types the given ``text`` into the text field identified by ``locator``.</doc>
<status status="PASS" start="2024-10-29T09:29:38.867444" elapsed="0.131454"/>
</kw>
<kw name="Input Text" owner="SeleniumLibrary">
<msg time="2024-10-29T09:29:38.998898" level="INFO">Typing text '1234' into text field 'xpath=//input[@aria-invalid="false" and @type="password"]'.</msg>
<arg>xpath=//input[@aria-invalid="false" and @type="password"]</arg>
<arg>${VALID_PASSWORD}</arg>
<doc>Types the given ``text`` into the text field identified by ``locator``.</doc>
<status status="PASS" start="2024-10-29T09:29:38.998898" elapsed="0.090451"/>
</kw>
<kw name="Click Button" owner="SeleniumLibrary">
<msg time="2024-10-29T09:29:39.090477" level="INFO">Clicking button 'xpath=//button[contains(., 'Login')]'.</msg>
<arg>xpath=//button[contains(., 'Login')]</arg>
<doc>Clicks the button identified by ``locator``.</doc>
<status status="PASS" start="2024-10-29T09:29:39.090477" elapsed="0.063164"/>
</kw>
<kw name="Wait Until Page Contains" owner="SeleniumLibrary">
<arg>Welcome, Admin</arg>
<arg>timeout=10s</arg>
<doc>Waits until ``text`` appears on the current page.</doc>
<status status="PASS" start="2024-10-29T09:29:39.153641" elapsed="0.857033"/>
</kw>
<doc>ล็อกอินเข้าสู่ระบบด้วย Admin</doc>
<status status="PASS" start="2024-10-29T09:29:38.817111" elapsed="1.193563"/>
</kw>
<kw name="Edit User Status">
<kw name="Go To" owner="SeleniumLibrary">
<msg time="2024-10-29T09:29:40.011674" level="INFO">Opening url 'https://www.bestpickbp.com/manageuser'</msg>
<arg>${MANAGE_USER_URL}</arg>
<doc>Navigates the current browser window to the provided ``url``.</doc>
<status status="PASS" start="2024-10-29T09:29:40.011674" elapsed="0.042067"/>
</kw>
<kw name="Wait Until Page Contains" owner="SeleniumLibrary">
<arg>Manage Users</arg>
<doc>Waits until ``text`` appears on the current page.</doc>
<status status="PASS" start="2024-10-29T09:29:40.053741" elapsed="0.015602"/>
</kw>
<kw name="Wait Until Element Is Visible" owner="SeleniumLibrary">
<arg>xpath=//*[@id="root"]/div/div/table/tbody</arg>
<arg>timeout=15s</arg>
<doc>Waits until the element ``locator`` is visible.</doc>
<status status="PASS" start="2024-10-29T09:29:40.070345" elapsed="0.235034"/>
</kw>
<kw name="Click Element" owner="SeleniumLibrary">
<msg time="2024-10-29T09:29:40.307367" level="INFO">Clicking element 'xpath=//*[@id="root"]/div/div/table/tbody/tr[td[contains(., "870001")]]/td[last()]/button[1]'.</msg>
<arg>xpath=//*[@id="root"]/div/div/table/tbody/tr[td[contains(., "${user_id}")]]/td[last()]/button[1]</arg>
<doc>Click the element identified by ``locator``.</doc>
<status status="PASS" start="2024-10-29T09:29:40.306863" elapsed="0.056332"/>
</kw>
<kw name="Wait Until Page Contains" owner="SeleniumLibrary">
<arg>Edit User</arg>
<doc>Waits until ``text`` appears on the current page.</doc>
<status status="PASS" start="2024-10-29T09:29:40.363195" elapsed="0.009948"/>
</kw>
<kw name="Click Element" owner="SeleniumLibrary">
<msg time="2024-10-29T09:29:40.374143" level="INFO">Clicking element 'xpath=/html/body/div[2]/div[3]/div/div[1]/div/div/div'.</msg>
<arg>xpath=/html/body/div[2]/div[3]/div/div[1]/div/div/div</arg>
<doc>Click the element identified by ``locator``.</doc>
<status status="PASS" start="2024-10-29T09:29:40.373143" elapsed="0.042435"/>
</kw>
<kw name="Run Keyword If" owner="BuiltIn">
<kw name="Set Variable" owner="BuiltIn">
<arg>//li[contains(text(), 'Active')]</arg>
<doc>Returns the given values which can then be assigned to a variables.</doc>
<status status="PASS" start="2024-10-29T09:29:40.416573" elapsed="0.000000"/>
</kw>
<msg time="2024-10-29T09:29:40.416573" level="INFO">${status_xpath} = //li[contains(text(), 'Active')]</msg>
<var>${status_xpath}</var>
<arg>'${status}' == 'Deactive'</arg>
<arg>Set Variable</arg>
<arg>//li[contains(text(), 'Deactive')]</arg>
<arg>ELSE</arg>
<arg>Set Variable</arg>
<arg>//li[contains(text(), 'Active')]</arg>
<doc>Runs the given keyword with the given arguments, if ``condition`` is true.</doc>
<status status="PASS" start="2024-10-29T09:29:40.416573" elapsed="0.000000"/>
</kw>
<kw name="Click Element" owner="SeleniumLibrary">
<msg time="2024-10-29T09:29:40.417575" level="INFO">Clicking element 'xpath=//li[contains(text(), 'Active')]'.</msg>
<arg>xpath=${status_xpath}</arg>
<doc>Click the element identified by ``locator``.</doc>
<status status="PASS" start="2024-10-29T09:29:40.417575" elapsed="0.057644"/>
</kw>
<kw name="Click Button" owner="SeleniumLibrary">
<msg time="2024-10-29T09:29:40.476223" level="INFO">Clicking button 'xpath=/html/body/div[2]/div[3]/div/div[2]/button[2]'.</msg>
<arg>xpath=/html/body/div[2]/div[3]/div/div[2]/button[2]</arg>
<doc>Clicks the button identified by ``locator``.</doc>
<status status="PASS" start="2024-10-29T09:29:40.476223" elapsed="0.250004"/>
</kw>
<kw name="Wait Until Page Contains" owner="SeleniumLibrary">
<arg>${status}</arg>
<doc>Waits until ``text`` appears on the current page.</doc>
<status status="PASS" start="2024-10-29T09:29:40.726731" elapsed="0.011712"/>
</kw>
<arg>${USER_ID}</arg>
<arg>${ACTIVE_STATUS}</arg>
<doc>เปลี่ยนสถานะของผู้ใช้</doc>
<status status="PASS" start="2024-10-29T09:29:40.010674" elapsed="0.727769"/>
</kw>
<kw name="Close Browser" owner="SeleniumLibrary" type="TEARDOWN">
<doc>Closes the current browser.</doc>
<status status="PASS" start="2024-10-29T09:29:40.739428" elapsed="2.115680"/>
</kw>
<doc>ทดสอบการล็อกอิน การเปลี่ยนสถานะของผู้ใช้ในหน้า Manage Users และเปลี่ยนสถานะกลับ</doc>
<status status="PASS" start="2024-10-29T09:29:34.374423" elapsed="8.480685"/>
</test>
<status status="PASS" start="2024-10-29T09:29:34.180721" elapsed="8.675370"/>
</suite>
<statistics>
<total>
<stat pass="1" fail="0" skip="0">All Tests</stat>
</total>
<tag>
</tag>
<suite>
<stat pass="1" fail="0" skip="0" id="s1" name="Manageuser">Manageuser</stat>
</suite>
</statistics>
<errors>
</errors>
</robot>
